<?xml version="1.0" encoding="UTF-8"?>
<!-- Generated by org.testng.reporters.JUnitXMLReporter -->
<testsuite hostname="pooja" ignored="0" name="Default test" tests="4" failures="0" timestamp="23 Jun 2020 07:24:49 GMT" time="74.849" errors="0">
  <testcase name="login_Positive" time="16.274" classname="com.demoOpenCart.Page_Tests"/>
  <testcase name="Add_To_Wishlist" time="25.986" classname="com.demoOpenCart.Page_Tests"/>
  <testcase name="Add_To_Cart_From_Productview" time="4.122" classname="com.demoOpenCart.Page_Tests"/>
  <testcase name="Add_To_Cart_From_Wishlist" time="18.31" classname="com.demoOpenCart.Page_Tests"/>
</testsuite> <!-- Default test -->
